<!DOCTYPE html>
<html>
<head>
<meta http-equiv="Content-Type" content="text/html; charset=utf-8"/>
<meta http-equiv="x-ua-compatible" content="IE=edge"/>
<title>Test results - AssessmentServiceControllerTest</title>
<link href="../css/base-style.css" rel="stylesheet" type="text/css"/>
<link href="../css/style.css" rel="stylesheet" type="text/css"/>
<script src="../js/report.js" type="text/javascript"></script>
</head>
<body>
<div id="content">
<h1>AssessmentServiceControllerTest</h1>
<div class="breadcrumbs">
<a href="../index.html">all</a> &gt; 
<a href="../packages/com.tipikae.assessmentservice.unit.html">com.tipikae.assessmentservice.unit</a> &gt; AssessmentServiceControllerTest</div>
<div id="summary">
<table>
<tr>
<td>
<div class="summaryGroup">
<table>
<tr>
<td>
<div class="infoBox" id="tests">
<div class="counter">7</div>
<p>tests</p>
</div>
</td>
<td>
<div class="infoBox" id="failures">
<div class="counter">0</div>
<p>failures</p>
</div>
</td>
<td>
<div class="infoBox" id="ignored">
<div class="counter">0</div>
<p>ignored</p>
</div>
</td>
<td>
<div class="infoBox" id="duration">
<div class="counter">0.503s</div>
<p>duration</p>
</div>
</td>
</tr>
</table>
</div>
</td>
<td>
<div class="infoBox success" id="successRate">
<div class="percent">100%</div>
<p>successful</p>
</div>
</td>
</tr>
</table>
</div>
<div id="tabs">
<ul class="tabLinks">
<li>
<a href="#tab0">Tests</a>
</li>
<li>
<a href="#tab1">Standard output</a>
</li>
</ul>
<div id="tab0" class="tab">
<h2>Tests</h2>
<table>
<thead>
<tr>
<th>Test</th>
<th>Duration</th>
<th>Result</th>
</tr>
</thead>
<tr>
<td class="success">assessByFamilyNameReturns200AndListWhenOk()</td>
<td class="success">0.019s</td>
<td class="success">passed</td>
</tr>
<tr>
<td class="success">assessByFamilyNameReturns400WhenBadField()</td>
<td class="success">0.027s</td>
<td class="success">passed</td>
</tr>
<tr>
<td class="success">assessByFamilyNameReturns400WhenBadRequest()</td>
<td class="success">0.015s</td>
<td class="success">passed</td>
</tr>
<tr>
<td class="success">assessByIdReturns200AndAssessmentWhenOk()</td>
<td class="success">0.133s</td>
<td class="success">passed</td>
</tr>
<tr>
<td class="success">assessByIdReturns400WhenBadField()</td>
<td class="success">0.240s</td>
<td class="success">passed</td>
</tr>
<tr>
<td class="success">assessByIdReturns400WhenBadRequest()</td>
<td class="success">0.016s</td>
<td class="success">passed</td>
</tr>
<tr>
<td class="success">assessByIdReturns404WhenPatientNotFound()</td>
<td class="success">0.053s</td>
<td class="success">passed</td>
</tr>
</table>
</div>
<div id="tab1" class="tab">
<h2>Standard output</h2>
<span class="code">
<pre>2022-06-28 14:59:12.128  INFO [assessment-service,,] 20065 --- [    Test worker] .b.t.a.w.s.WebMvcTestContextBootstrapper : Neither @ContextConfiguration nor @ContextHierarchy found for test class [com.tipikae.assessmentservice.unit.AssessmentServiceControllerTest], using SpringBootContextLoader
2022-06-28 14:59:12.130  INFO [assessment-service,,] 20065 --- [    Test worker] o.s.t.c.support.AbstractContextLoader    : Could not detect default resource locations for test class [com.tipikae.assessmentservice.unit.AssessmentServiceControllerTest]: no resource found for suffixes {-context.xml, Context.groovy}.
2022-06-28 14:59:12.130  INFO [assessment-service,,] 20065 --- [    Test worker] t.c.s.AnnotationConfigContextLoaderUtils : Could not detect default configuration classes for test class [com.tipikae.assessmentservice.unit.AssessmentServiceControllerTest]: AssessmentServiceControllerTest does not declare any static, non-private, non-final, nested classes annotated with @Configuration.
2022-06-28 14:59:12.168  INFO [assessment-service,,] 20065 --- [    Test worker] .b.t.c.SpringBootTestContextBootstrapper : Found @SpringBootConfiguration com.tipikae.assessmentservice.AssessmentServiceApplication for test class com.tipikae.assessmentservice.unit.AssessmentServiceControllerTest
2022-06-28 14:59:12.171  INFO [assessment-service,,] 20065 --- [    Test worker] .b.t.a.w.s.WebMvcTestContextBootstrapper : Loaded default TestExecutionListener class names from location [META-INF/spring.factories]: [org.springframework.boot.test.autoconfigure.restdocs.RestDocsTestExecutionListener, org.springframework.boot.test.autoconfigure.web.client.MockRestServiceServerResetTestExecutionListener, org.springframework.boot.test.autoconfigure.web.servlet.MockMvcPrintOnlyOnFailureTestExecutionListener, org.springframework.boot.test.autoconfigure.web.servlet.WebDriverTestExecutionListener, org.springframework.boot.test.autoconfigure.webservices.client.MockWebServiceServerTestExecutionListener, org.springframework.boot.test.mock.mockito.MockitoTestExecutionListener, org.springframework.boot.test.mock.mockito.ResetMocksTestExecutionListener, org.springframework.test.context.web.ServletTestExecutionListener, org.springframework.test.context.support.DirtiesContextBeforeModesTestExecutionListener, org.springframework.test.context.event.ApplicationEventsTestExecutionListener, org.springframework.test.context.support.DependencyInjectionTestExecutionListener, org.springframework.test.context.support.DirtiesContextTestExecutionListener, org.springframework.test.context.transaction.TransactionalTestExecutionListener, org.springframework.test.context.jdbc.SqlScriptsTestExecutionListener, org.springframework.test.context.event.EventPublishingTestExecutionListener]
2022-06-28 14:59:12.172  INFO [assessment-service,,] 20065 --- [    Test worker] .b.t.a.w.s.WebMvcTestContextBootstrapper : Using TestExecutionListeners: [org.springframework.test.context.web.ServletTestExecutionListener@616a0c6, org.springframework.test.context.support.DirtiesContextBeforeModesTestExecutionListener@13cdd1a1, org.springframework.test.context.event.ApplicationEventsTestExecutionListener@5b6aa97c, org.springframework.boot.test.mock.mockito.MockitoTestExecutionListener@7b8faa17, org.springframework.boot.test.autoconfigure.SpringBootDependencyInjectionTestExecutionListener@48ac2530, org.springframework.test.context.support.DirtiesContextTestExecutionListener@3511b55d, org.springframework.test.context.transaction.TransactionalTestExecutionListener@3b3ecbca, org.springframework.test.context.jdbc.SqlScriptsTestExecutionListener@3de711a8, org.springframework.test.context.event.EventPublishingTestExecutionListener@144b2681, org.springframework.boot.test.autoconfigure.restdocs.RestDocsTestExecutionListener@2cc8d208, org.springframework.boot.test.autoconfigure.web.client.MockRestServiceServerResetTestExecutionListener@61e53cc0, org.springframework.boot.test.autoconfigure.web.servlet.MockMvcPrintOnlyOnFailureTestExecutionListener@640a1b05, org.springframework.boot.test.autoconfigure.web.servlet.WebDriverTestExecutionListener@29b8462b, org.springframework.boot.test.autoconfigure.webservices.client.MockWebServiceServerTestExecutionListener@430a9986, org.springframework.boot.test.mock.mockito.ResetMocksTestExecutionListener@bc1ae1b]
2022-06-28 14:59:13.129  INFO [assessment-service,,] 20065 --- [    Test worker] o.s.b.context.config.ConfigDataLoader    : Fetching config from server at : http://localhost:8888
2022-06-28 14:59:13.129  INFO [assessment-service,,] 20065 --- [    Test worker] o.s.b.context.config.ConfigDataLoader    : Located environment: name=assessment-service, profiles=[default], label=null, version=2b2f7075225d237bc6d7433ab5da68d5e56d02bc, state=null

  .   ____          _            __ _ _
 /\\ / ___'_ __ _ _(_)_ __  __ _ \ \ \ \
( ( )\___ | '_ | '_| | '_ \/ _` | \ \ \ \
 \\/  ___)| |_)| | | | | || (_| |  ) ) ) )
  '  |____| .__|_| |_|_| |_\__, | / / / /
 =========|_|==============|___/=/_/_/_/
 :: Spring Boot ::                (v2.6.7)

2022-06-28 14:59:14.214  INFO [assessment-service,,] 20065 --- [    Test worker] c.c.c.ConfigServicePropertySourceLocator : Fetching config from server at : http://localhost:8888
2022-06-28 14:59:14.994  INFO [assessment-service,,] 20065 --- [    Test worker] c.c.c.ConfigServicePropertySourceLocator : Located environment: name=assessment-service, profiles=[default], label=null, version=2b2f7075225d237bc6d7433ab5da68d5e56d02bc, state=null
2022-06-28 14:59:14.994  INFO [assessment-service,,] 20065 --- [    Test worker] b.c.PropertySourceBootstrapConfiguration : Located property source: [BootstrapPropertySource {name='bootstrapProperties-configClient'}, BootstrapPropertySource {name='bootstrapProperties-https://github.com/tipikae/DA-JAVA-P9-mediscreen-config/assessment-service.properties'}]
2022-06-28 14:59:15.033  INFO [assessment-service,,] 20065 --- [    Test worker] c.t.a.u.AssessmentServiceControllerTest  : The following 1 profile is active: &quot;dev&quot;
2022-06-28 14:59:15.038  INFO [assessment-service,,] 20065 --- [    Test worker] o.s.b.context.config.ConfigDataLoader    : Fetching config from server at : http://localhost:8888
2022-06-28 14:59:15.038  INFO [assessment-service,,] 20065 --- [    Test worker] o.s.b.context.config.ConfigDataLoader    : Located environment: name=assessment-service, profiles=[dev], label=null, version=2b2f7075225d237bc6d7433ab5da68d5e56d02bc, state=null
2022-06-28 14:59:15.877  INFO [assessment-service,,] 20065 --- [    Test worker] o.s.b.t.m.w.SpringBootMockServletContext : Initializing Spring TestDispatcherServlet ''
2022-06-28 14:59:15.878  INFO [assessment-service,,] 20065 --- [    Test worker] o.s.t.web.servlet.TestDispatcherServlet  : Initializing Servlet ''
2022-06-28 14:59:15.880  INFO [assessment-service,,] 20065 --- [    Test worker] o.s.t.web.servlet.TestDispatcherServlet  : Completed initialization in 1 ms
2022-06-28 14:59:15.904  INFO [assessment-service,,] 20065 --- [    Test worker] c.t.a.u.AssessmentServiceControllerTest  : Started AssessmentServiceControllerTest in 3.728 seconds (JVM running for 38.782)
2022-06-28 14:59:15.957 DEBUG [assessment-service,,] 20065 --- [    Test worker] c.t.a.l.CustomRequestLoggingInterceptor  : preHandle =&gt; Method: POST, Request URL: http://localhost/assess/id, Parameters: null
2022-06-28 14:59:16.120 ERROR [assessment-service,,] 20065 --- [    Test worker] c.t.a.e.ControllerExceptionHandler       : Catching MethodArgumentNotValidException, code: 400, message: Validation failed for argument [0] in public org.springframework.http.ResponseEntity&lt;com.tipikae.assessmentservice.dto.AssessmentDTO&gt; com.tipikae.assessmentservice.controller.AssessmentServiceController.assessById(com.tipikae.assessmentservice.dto.AssessmentByIdDTO) throws com.tipikae.assessmentservice.exception.NotFoundException,com.tipikae.assessmentservice.exception.BadRequestException,com.tipikae.assessmentservice.exception.HttpClientException: [Field error in object 'assessmentByIdDTO' on field 'patId': rejected value [0]; codes [Positive.assessmentByIdDTO.patId,Positive.patId,Positive.long,Positive]; arguments [org.springframework.context.support.DefaultMessageSourceResolvable: codes [assessmentByIdDTO.patId,patId]; arguments []; default message [patId]]; default message [must be greater than 0]] 
2022-06-28 14:59:16.135 DEBUG [assessment-service,,] 20065 --- [    Test worker] c.t.a.l.CustomRequestLoggingInterceptor  : afterCompletion =&gt; Response Status: 400
2022-06-28 14:59:16.163 DEBUG [assessment-service,,] 20065 --- [    Test worker] c.t.a.l.CustomRequestLoggingInterceptor  : preHandle =&gt; Method: POST, Request URL: http://localhost/assess/id, Parameters: null
2022-06-28 14:59:16.199  INFO [assessment-service,,] 20065 --- [    Test worker] c.t.a.c.AssessmentServiceController      : assessById: patId=1
2022-06-28 14:59:16.201 ERROR [assessment-service,,] 20065 --- [    Test worker] c.t.a.e.ControllerExceptionHandler       : Catching NotFoundException, code: 404, message: null
2022-06-28 14:59:16.203 DEBUG [assessment-service,,] 20065 --- [    Test worker] c.t.a.l.CustomRequestLoggingInterceptor  : afterCompletion =&gt; Response Status: 404
2022-06-28 14:59:16.216 DEBUG [assessment-service,,] 20065 --- [    Test worker] c.t.a.l.CustomRequestLoggingInterceptor  : preHandle =&gt; Method: POST, Request URL: http://localhost/assess/familyName, Parameters: null
2022-06-28 14:59:16.231 ERROR [assessment-service,,] 20065 --- [    Test worker] c.t.a.e.ControllerExceptionHandler       : Catching MethodArgumentNotValidException, code: 400, message: Validation failed for argument [0] in public org.springframework.http.ResponseEntity&lt;java.util.List&lt;com.tipikae.assessmentservice.dto.AssessmentDTO&gt;&gt; com.tipikae.assessmentservice.controller.AssessmentServiceController.assessByFamilyName(com.tipikae.assessmentservice.dto.AssessmentByFamilyDTO) throws com.tipikae.assessmentservice.exception.BadRequestException,com.tipikae.assessmentservice.exception.HttpClientException: [Field error in object 'assessmentByFamilyDTO' on field 'familyName': rejected value []; codes [NotBlank.assessmentByFamilyDTO.familyName,NotBlank.familyName,NotBlank.java.lang.String,NotBlank]; arguments [org.springframework.context.support.DefaultMessageSourceResolvable: codes [assessmentByFamilyDTO.familyName,familyName]; arguments []; default message [familyName]]; default message [must not be blank]] 
2022-06-28 14:59:16.233 DEBUG [assessment-service,,] 20065 --- [    Test worker] c.t.a.l.CustomRequestLoggingInterceptor  : afterCompletion =&gt; Response Status: 400
2022-06-28 14:59:16.247 DEBUG [assessment-service,,] 20065 --- [    Test worker] c.t.a.l.CustomRequestLoggingInterceptor  : preHandle =&gt; Method: POST, Request URL: http://localhost/assess/id, Parameters: null
2022-06-28 14:59:16.250  INFO [assessment-service,,] 20065 --- [    Test worker] c.t.a.c.AssessmentServiceController      : assessById: patId=1
2022-06-28 14:59:16.256 DEBUG [assessment-service,,] 20065 --- [    Test worker] c.t.a.l.CustomRequestLoggingInterceptor  : afterCompletion =&gt; Response Status: 200
2022-06-28 14:59:16.382 DEBUG [assessment-service,,] 20065 --- [    Test worker] c.t.a.l.CustomRequestLoggingInterceptor  : preHandle =&gt; Method: POST, Request URL: http://localhost/assess/id, Parameters: null
2022-06-28 14:59:16.384  INFO [assessment-service,,] 20065 --- [    Test worker] c.t.a.c.AssessmentServiceController      : assessById: patId=1
2022-06-28 14:59:16.386 ERROR [assessment-service,,] 20065 --- [    Test worker] c.t.a.e.ControllerExceptionHandler       : Catching BadRequestException, code: 400, message: null
2022-06-28 14:59:16.388 DEBUG [assessment-service,,] 20065 --- [    Test worker] c.t.a.l.CustomRequestLoggingInterceptor  : afterCompletion =&gt; Response Status: 400
2022-06-28 14:59:16.400 DEBUG [assessment-service,,] 20065 --- [    Test worker] c.t.a.l.CustomRequestLoggingInterceptor  : preHandle =&gt; Method: POST, Request URL: http://localhost/assess/familyName, Parameters: null
2022-06-28 14:59:16.403  INFO [assessment-service,,] 20065 --- [    Test worker] c.t.a.c.AssessmentServiceController      : assessByFamilyName: family=family
2022-06-28 14:59:16.407 DEBUG [assessment-service,,] 20065 --- [    Test worker] c.t.a.l.CustomRequestLoggingInterceptor  : afterCompletion =&gt; Response Status: 200
2022-06-28 14:59:16.422 DEBUG [assessment-service,,] 20065 --- [    Test worker] c.t.a.l.CustomRequestLoggingInterceptor  : preHandle =&gt; Method: POST, Request URL: http://localhost/assess/familyName, Parameters: null
2022-06-28 14:59:16.424  INFO [assessment-service,,] 20065 --- [    Test worker] c.t.a.c.AssessmentServiceController      : assessByFamilyName: family=family
2022-06-28 14:59:16.425 ERROR [assessment-service,,] 20065 --- [    Test worker] c.t.a.e.ControllerExceptionHandler       : Catching BadRequestException, code: 400, message: null
2022-06-28 14:59:16.427 DEBUG [assessment-service,,] 20065 --- [    Test worker] c.t.a.l.CustomRequestLoggingInterceptor  : afterCompletion =&gt; Response Status: 400
</pre>
</span>
</div>
</div>
<div id="footer">
<p>
<div>
<label class="hidden" id="label-for-line-wrapping-toggle" for="line-wrapping-toggle">Wrap lines
<input id="line-wrapping-toggle" type="checkbox" autocomplete="off"/>
</label>
</div>Generated by 
<a href="http://www.gradle.org">Gradle 7.2</a> at 28 juin 2022 Ã  14:59:21</p>
</div>
</div>
</body>
</html>
